<?xml version="1.0" encoding="UTF-8"?>
<!-- Generated by org.testng.reporters.JUnitReportReporter -->
<testsuite skipped="0" hostname="Uzzals-MacBook-Pro.local" name="homePageObjectModule.TestSearchBySingleItem" tests="1" failures="0" timestamp="07 Oct 2018 14:47:12 GMT" time="36.241" errors="0">
  <testcase name="searchItem" time="36.241" classname="homePageObjectModule.TestSearchBySingleItem"/>
</testsuite> <!-- homePageObjectModule.TestSearchBySingleItem -->
